This is pdfTeX, Version 3.1415926-2.5-1.40.14 (MiKTeX 2.9) (preloaded format=pdflatex 2015.2.25)  28 MAY 2015 10:41
entering extended mode
**C:/Users/user/Desktop/FINALdissertation/Dissertation.tex
(C:/Users/user/Desktop/FINALdissertation/Dissertation.tex
LaTeX2e <2011/06/27>
Babel <v3.8m> and hyphenation patterns for english, afrikaans, ancientgreek, ar
abic, armenian, assamese, basque, bengali, bokmal, bulgarian, catalan, coptic, 
croatian, czech, danish, dutch, esperanto, estonian, farsi, finnish, french, ga
lician, german, german-x-2013-05-26, greek, gujarati, hindi, hungarian, iceland
ic, indonesian, interlingua, irish, italian, kannada, kurmanji, latin, latvian,
 lithuanian, malayalam, marathi, mongolian, mongolianlmc, monogreek, ngerman, n
german-x-2013-05-26, nynorsk, oriya, panjabi, pinyin, polish, portuguese, roman
ian, russian, sanskrit, serbian, slovak, slovenian, spanish, swedish, swissgerm
an, tamil, telugu, turkish, turkmen, ukenglish, ukrainian, uppersorbian, usengl
ishmax, welsh, loaded.
(C:\Users\user\Desktop\FINALdissertation\llncs.cls
Document Class: llncs 2013/09/27 v2.18 
 LaTeX document class for Lecture Notes in Computer Science
("C:\Program Files (x86)\MiKTeX 2.9\tex\latex\base\article.cls"
Document Class: article 2007/10/19 v1.4h Standard LaTeX document class
("C:\Program Files (x86)\MiKTeX 2.9\tex\latex\base\size10.clo"
File: size10.clo 2007/10/19 v1.4h Standard LaTeX file (size option)
)
\c@part=\count79
\c@section=\count80
\c@subsection=\count81
\c@subsubsection=\count82
\c@paragraph=\count83
\c@subparagraph=\count84
\c@figure=\count85
\c@table=\count86
\abovecaptionskip=\skip41
\belowcaptionskip=\skip42
\bibindent=\dimen102
)
("C:\Program Files (x86)\MiKTeX 2.9\tex\latex\tools\multicol.sty"
Package: multicol 2011/06/27 v1.7a multicolumn formatting (FMi)
\c@tracingmulticols=\count87
\mult@box=\box26
\multicol@leftmargin=\dimen103
\c@unbalance=\count88
\c@collectmore=\count89
\doublecol@number=\count90
\multicoltolerance=\count91
\multicolpretolerance=\count92
\full@width=\dimen104
\page@free=\dimen105
\premulticols=\dimen106
\postmulticols=\dimen107
\multicolsep=\skip43
\multicolbaselineskip=\skip44
\partial@page=\box27
\last@line=\box28
\mult@rightbox=\box29
\mult@grightbox=\box30
\mult@gfirstbox=\box31
\mult@firstbox=\box32
\@tempa=\box33
\@tempa=\box34
\@tempa=\box35
\@tempa=\box36
\@tempa=\box37
\@tempa=\box38
\@tempa=\box39
\@tempa=\box40
\@tempa=\box41
\@tempa=\box42
\@tempa=\box43
\@tempa=\box44
\@tempa=\box45
\@tempa=\box46
\@tempa=\box47
\@tempa=\box48
\@tempa=\box49
\c@columnbadness=\count93
\c@finalcolumnbadness=\count94
\last@try=\dimen108
\multicolovershoot=\dimen109
\multicolundershoot=\dimen110
\mult@nat@firstbox=\box50
\colbreak@box=\box51
\multicol@sort@counter=\count95
)
("C:\Program Files (x86)\MiKTeX 2.9\tex\latex\oberdiek\aliascnt.sty"
Package: aliascnt 2009/09/08 v1.3 Alias counters (HO)

("C:\Program Files (x86)\MiKTeX 2.9\tex\latex\carlisle\remreset.sty"))
\c@chapter=\count96
LaTeX Font Info:    Redeclaring math symbol \Gamma on input line 362.
LaTeX Font Info:    Redeclaring math symbol \Delta on input line 363.
LaTeX Font Info:    Redeclaring math symbol \Theta on input line 364.
LaTeX Font Info:    Redeclaring math symbol \Lambda on input line 365.
LaTeX Font Info:    Redeclaring math symbol \Xi on input line 366.
LaTeX Font Info:    Redeclaring math symbol \Pi on input line 367.
LaTeX Font Info:    Redeclaring math symbol \Sigma on input line 368.
LaTeX Font Info:    Redeclaring math symbol \Upsilon on input line 369.
LaTeX Font Info:    Redeclaring math symbol \Phi on input line 370.
LaTeX Font Info:    Redeclaring math symbol \Psi on input line 371.
LaTeX Font Info:    Redeclaring math symbol \Omega on input line 372.
\tocchpnum=\dimen111
\tocsecnum=\dimen112
\tocsectotal=\dimen113
\tocsubsecnum=\dimen114
\tocsubsectotal=\dimen115
\tocsubsubsecnum=\dimen116
\tocsubsubsectotal=\dimen117
\tocparanum=\dimen118
\tocparatotal=\dimen119
\tocsubparanum=\dimen120
\@tempcntc=\count97
\fnindent=\dimen121
\c@@inst=\count98
\c@@auth=\count99
\c@auco=\count100
\instindent=\dimen122
\authrun=\box52
\authorrunning=\toks14
\tocauthor=\toks15
\titrun=\box53
\titlerunning=\toks16
\toctitle=\toks17
\c@theorem=\count101
\c@case=\count102
\c@conjecture=\count103
\c@corollary=\count104
\c@definition=\count105
\c@example=\count106
\c@exercise=\count107
\c@lemma=\count108
\c@note=\count109
\c@problem=\count110
\c@property=\count111
\c@proposition=\count112
\c@question=\count113
\c@solution=\count114
\c@remark=\count115
\headlineindent=\dimen123
)
("C:\Program Files (x86)\MiKTeX 2.9\tex\latex\url\url.sty"
\Urlmuskip=\muskip10
Package: url 2013/09/16  ver 3.4  Verb mode for urls, etc.
)
("C:\Program Files (x86)\MiKTeX 2.9\tex\latex\paralist\paralist.sty"
Package: paralist 2013/06/09 v2.4 Extended list environments
\pltopsep=\skip45
\plpartopsep=\skip46
\plitemsep=\skip47
\plparsep=\skip48
\pl@lab=\toks18
)
("C:\Program Files (x86)\MiKTeX 2.9\tex\latex\cite\cite.sty"
LaTeX Info: Redefining \cite on input line 302.
LaTeX Info: Redefining \nocite on input line 332.
Package: cite 2015/02/27  v 5.5
)
("C:\Program Files (x86)\MiKTeX 2.9\tex\latex\natbib\natbib.sty"
Package: natbib 2010/09/13 8.31b (PWD, AO)


Package natbib Warning: The `cite' package should not be used
(natbib)                with natbib. Use option `sort' instead.

\bibhang=\skip49
\bibsep=\skip50
LaTeX Info: Redefining \cite on input line 694.
LaTeX Info: Redefining \citenum on input line 708.
\c@NAT@ctr=\count116
) ("C:\Program Files (x86)\MiKTeX 2.9\tex\latex\graphics\graphicx.sty"
Package: graphicx 1999/02/16 v1.0f Enhanced LaTeX Graphics (DPC,SPQR)

("C:\Program Files (x86)\MiKTeX 2.9\tex\latex\graphics\keyval.sty"
Package: keyval 1999/03/16 v1.13 key=value parser (DPC)
\KV@toks@=\toks19
)
("C:\Program Files (x86)\MiKTeX 2.9\tex\latex\graphics\graphics.sty"
Package: graphics 2009/02/05 v1.0o Standard LaTeX Graphics (DPC,SPQR)

("C:\Program Files (x86)\MiKTeX 2.9\tex\latex\graphics\trig.sty"
Package: trig 1999/03/16 v1.09 sin cos tan (DPC)
)
("C:\Program Files (x86)\MiKTeX 2.9\tex\latex\00miktex\graphics.cfg"
File: graphics.cfg 2007/01/18 v1.5 graphics configuration of teTeX/TeXLive
)
Package graphics Info: Driver file: pdftex.def on input line 91.

("C:\Program Files (x86)\MiKTeX 2.9\tex\latex\pdftex-def\pdftex.def"
File: pdftex.def 2011/05/27 v0.06d Graphics/color for pdfTeX

("C:\Program Files (x86)\MiKTeX 2.9\tex\generic\oberdiek\infwarerr.sty"
Package: infwarerr 2010/04/08 v1.3 Providing info/warning/error messages (HO)
)
("C:\Program Files (x86)\MiKTeX 2.9\tex\generic\oberdiek\ltxcmds.sty"
Package: ltxcmds 2011/11/09 v1.22 LaTeX kernel commands for general use (HO)
)
\Gread@gobject=\count117
))
\Gin@req@height=\dimen124
\Gin@req@width=\dimen125
)
("C:\Program Files (x86)\MiKTeX 2.9\tex\latex\listings\listings.sty"
\lst@mode=\count118
\lst@gtempboxa=\box54
\lst@token=\toks20
\lst@length=\count119
\lst@currlwidth=\dimen126
\lst@column=\count120
\lst@pos=\count121
\lst@lostspace=\dimen127
\lst@width=\dimen128
\lst@newlines=\count122
\lst@lineno=\count123
\lst@maxwidth=\dimen129

("C:\Program Files (x86)\MiKTeX 2.9\tex\latex\listings\lstmisc.sty"
File: lstmisc.sty 2014/09/06 1.5e (Carsten Heinz)
\c@lstnumber=\count124
\lst@skipnumbers=\count125
\lst@framebox=\box55
)
("C:\Program Files (x86)\MiKTeX 2.9\tex\latex\listings\listings.cfg"
File: listings.cfg 2014/09/06 1.5e listings configuration
))
Package: listings 2014/09/06 1.5e (Carsten Heinz)

("C:\Program Files (x86)\MiKTeX 2.9\tex\latex\graphics\color.sty"
Package: color 2005/11/14 v1.0j Standard LaTeX Color (DPC)

("C:\Program Files (x86)\MiKTeX 2.9\tex\latex\00miktex\color.cfg"
File: color.cfg 2007/01/18 v1.5 color configuration of teTeX/TeXLive
)
Package color Info: Driver file: pdftex.def on input line 130.
)
("C:\Program Files (x86)\MiKTeX 2.9\tex\latex\listings\lstlang1.sty"
File: lstlang1.sty 2014/09/06 1.5e listings language file
)
(C:\Users\user\Desktop\FINALdissertation\Dissertation.aux)
LaTeX Font Info:    Checking defaults for OML/cmm/m/it on input line 63.
LaTeX Font Info:    ... okay on input line 63.
LaTeX Font Info:    Checking defaults for T1/cmr/m/n on input line 63.
LaTeX Font Info:    ... okay on input line 63.
LaTeX Font Info:    Checking defaults for OT1/cmr/m/n on input line 63.
LaTeX Font Info:    ... okay on input line 63.
LaTeX Font Info:    Checking defaults for OMS/cmsy/m/n on input line 63.
LaTeX Font Info:    ... okay on input line 63.
LaTeX Font Info:    Checking defaults for OMX/cmex/m/n on input line 63.
LaTeX Font Info:    ... okay on input line 63.
LaTeX Font Info:    Checking defaults for U/cmr/m/n on input line 63.
LaTeX Font Info:    ... okay on input line 63.

("C:\Program Files (x86)\MiKTeX 2.9\tex\context\base\supp-pdf.mkii"
[Loading MPS to PDF converter (version 2006.09.02).]
\scratchcounter=\count126
\scratchdimen=\dimen130
\scratchbox=\box56
\nofMPsegments=\count127
\nofMParguments=\count128
\everyMPshowfont=\toks21
\MPscratchCnt=\count129
\MPscratchDim=\dimen131
\MPnumerator=\count130
\makeMPintoPDFobject=\count131
\everyMPtoPDFconversion=\toks22
)
\c@lstlisting=\count132


LaTeX Font Warning: Font shape `OT1/cmr/bx/sc' undefined
(Font)              using `OT1/cmr/bx/n' instead on input line 84.

[1


{C:/ProgramData/MiKTeX/2.9/pdftex/config/pdftex.map}]
(C:\Users\user\Desktop\FINALdissertation\Dissertation.toc
LaTeX Font Info:    External font `cmex10' loaded for size
(Font)              <7> on input line 1.
LaTeX Font Info:    External font `cmex10' loaded for size
(Font)              <5> on input line 1.
)
\tf@toc=\write3
 [2

]

Package paralist Warning: Incorrect label; no or multiple counters.
(paralist)                The label is:  on input line 104.


Overfull \hbox (41.37308pt too wide) in paragraph at lines 105--107
\OT1/cmtt/m/n/10 "Visualization can make a wide range of mobile applications mo
re intuitive
 []


Overfull \hbox (4.6234pt too wide) in paragraph at lines 105--107
\OT1/cmtt/m/n/10 and productive. The mobility context and technical limitations
 such
 []


Overfull \hbox (9.87335pt too wide) in paragraph at lines 105--107
\OT1/cmtt/m/n/10 as small screen size make it impossible to simply port visuali
zation
 []


Overfull \hbox (20.37326pt too wide) in paragraph at lines 105--107
\OT1/cmtt/m/n/10 applications from desktop computers to mobile devices, but res
earchers
 []


Package paralist Warning: Incorrect label; no or multiple counters.
(paralist)                The label is:  on input line 108.


Package paralist Warning: Incorrect label; no or multiple counters.
(paralist)                The label is:  on input line 112.


Package paralist Warning: Incorrect label; no or multiple counters.
(paralist)                The label is:  on input line 117.

[3]

Package paralist Warning: Incorrect label; no or multiple counters.
(paralist)                The label is:  on input line 121.


Package paralist Warning: Incorrect label; no or multiple counters.
(paralist)                The label is:  on input line 126.


Package paralist Warning: Incorrect label; no or multiple counters.
(paralist)                The label is:  on input line 140.


Package paralist Warning: Incorrect label; no or multiple counters.
(paralist)                The label is:  on input line 151.

[4]

Package paralist Warning: Incorrect label; no or multiple counters.
(paralist)                The label is:  on input line 156.


Overfull \hbox (45.87317pt too wide) in paragraph at lines 158--160
[]\OT1/cmtt/m/n/10 "Problems caused by physical restrictions of mobile devices 
and wireless
 []


Overfull \hbox (9.87335pt too wide) in paragraph at lines 158--160
\OT1/cmtt/m/n/10 networks imply that while designing and conducting usability s
tudies
 []


Overfull \hbox (4.6234pt too wide) in paragraph at lines 158--160
\OT1/cmtt/m/n/10 for mobile applications, these issues must be carefully examin
ed in
 []


Overfull \hbox (9.87335pt too wide) in paragraph at lines 158--160
\OT1/cmtt/m/n/10 order to select an appropriate research methodology and minimi
ze the
 []


Overfull \hbox (25.62321pt too wide) in paragraph at lines 158--160
\OT1/cmtt/m/n/10 potential effect of contextual factors on perceived usability 
when they
 []


Package paralist Warning: Incorrect label; no or multiple counters.
(paralist)                The label is:  on input line 162.

Missing character: There is no ‚ in font cmr10!
Missing character: There is no Ä in font cmr10!
Missing character: There is no ì in font cmr10!
Missing character: There is no ‚ in font cmr10!
Missing character: There is no Ä in font cmr10!
Missing character: There is no ô in font cmr10!

Package paralist Warning: Incorrect label; no or multiple counters.
(paralist)                The label is:  on input line 166.


Package paralist Warning: Incorrect label; no or multiple counters.
(paralist)                The label is:  on input line 174.

[5]

Package paralist Warning: Incorrect label; no or multiple counters.
(paralist)                The label is:  on input line 178.


Package paralist Warning: Incorrect label; no or multiple counters.
(paralist)                The label is:  on input line 184.


Package paralist Warning: Incorrect label; no or multiple counters.
(paralist)                The label is:  on input line 188.


Package paralist Warning: Incorrect label; no or multiple counters.
(paralist)                The label is:  on input line 192.


Package paralist Warning: Incorrect label; no or multiple counters.
(paralist)                The label is:  on input line 196.


Package paralist Warning: Incorrect label; no or multiple counters.
(paralist)                The label is:  on input line 201.


Package paralist Warning: Incorrect label; no or multiple counters.
(paralist)                The label is:  on input line 205.


Package paralist Warning: Incorrect label; no or multiple counters.
(paralist)                The label is:  on input line 210.

Missing character: There is no ‚ in font cmr10!
Missing character: There is no Ä in font cmr10!
Missing character: There is no ô in font cmr10!

Package paralist Warning: Incorrect label; no or multiple counters.
(paralist)                The label is:  on input line 216.

[6]

Package paralist Warning: Incorrect label; no or multiple counters.
(paralist)                The label is:  on input line 220.


Package paralist Warning: Incorrect label; no or multiple counters.
(paralist)                The label is:  on input line 224.

Missing character: There is no ‚ in font cmr10!
Missing character: There is no Ä in font cmr10!
Missing character: There is no ú in font cmr10!
Missing character: There is no ‚ in font cmr10!
Missing character: There is no Ä in font cmr10!
Missing character: There is no ù in font cmr10!
Missing character: There is no ‚ in font cmr10!
Missing character: There is no Ä in font cmr10!
Missing character: There is no ú in font cmr10!
Missing character: There is no ‚ in font cmr10!
Missing character: There is no Ä in font cmr10!
Missing character: There is no ù in font cmr10!
Missing character: There is no ‚ in font cmr10!
Missing character: There is no Ä in font cmr10!
Missing character: There is no ú in font cmr10!
Missing character: There is no ‚ in font cmr10!
Missing character: There is no Ä in font cmr10!
Missing character: There is no ù in font cmr10!

Package paralist Warning: Incorrect label; no or multiple counters.
(paralist)                The label is:  on input line 228.


Package paralist Warning: Incorrect label; no or multiple counters.
(paralist)                The label is:  on input line 233.


Package paralist Warning: Incorrect label; no or multiple counters.
(paralist)                The label is:  on input line 237.


Package paralist Warning: Incorrect label; no or multiple counters.
(paralist)                The label is:  on input line 241.

[7]

Package paralist Warning: Incorrect label; no or multiple counters.
(paralist)                The label is:  on input line 250.


Package paralist Warning: Incorrect label; no or multiple counters.
(paralist)                The label is:  on input line 254.


Package paralist Warning: Incorrect label; no or multiple counters.
(paralist)                The label is:  on input line 258.


Package paralist Warning: Incorrect label; no or multiple counters.
(paralist)                The label is:  on input line 262.

Missing character: There is no ‚ in font cmr10!
Missing character: There is no Ä in font cmr10!
Missing character: There is no ô in font cmr10!

Package paralist Warning: Incorrect label; no or multiple counters.
(paralist)                The label is:  on input line 266.


Package paralist Warning: Incorrect label; no or multiple counters.
(paralist)                The label is:  on input line 270.


Package paralist Warning: Incorrect label; no or multiple counters.
(paralist)                The label is:  on input line 274.


Package paralist Warning: Incorrect label; no or multiple counters.
(paralist)                The label is:  on input line 278.


Package paralist Warning: Incorrect label; no or multiple counters.
(paralist)                The label is:  on input line 282.


Package paralist Warning: Incorrect label; no or multiple counters.
(paralist)                The label is:  on input line 287.

[8]

Package paralist Warning: Incorrect label; no or multiple counters.
(paralist)                The label is:  on input line 291.


Package paralist Warning: Incorrect label; no or multiple counters.
(paralist)                The label is:  on input line 299.

<images/ScreenShotMeterReading.png, id=36, 1028.34187pt x 578.16pt>
File: images/ScreenShotMeterReading.png Graphic file (type png)

<use images/ScreenShotMeterReading.png>
Package pdftex.def Info: images/ScreenShotMeterReading.png used on input line 3
03.
(pdftex.def)             Requested size: 205.66473pt x 115.62994pt.


Package paralist Warning: Incorrect label; no or multiple counters.
(paralist)                The label is:  on input line 305.

<images/RoamingCode.png, id=38, 594.72188pt x 291.33844pt>
File: images/RoamingCode.png Graphic file (type png)

<use images/RoamingCode.png>
Package pdftex.def Info: images/RoamingCode.png used on input line 309.
(pdftex.def)             Requested size: 416.30247pt x 203.93552pt.

Overfull \hbox (84.17894pt too wide) in paragraph at lines 309--310
[][] 
 []

[9 <C:/Users/user/Desktop/FINALdissertation/images/ScreenShotMeterReading.png>]
<images/ScreenShotTimer.png, id=43, 1028.34187pt x 578.16pt>
File: images/ScreenShotTimer.png Graphic file (type png)

<use images/ScreenShotTimer.png>
Package pdftex.def Info: images/ScreenShotTimer.png used on input line 314.
(pdftex.def)             Requested size: 205.66473pt x 115.62994pt.

<images/OneDriveCode.png, id=44, 525.46312pt x 75.28125pt>
File: images/OneDriveCode.png Graphic file (type png)

<use images/OneDriveCode.png>
Package pdftex.def Info: images/OneDriveCode.png used on input line 318.
(pdftex.def)             Requested size: 367.82167pt x 52.6965pt.

Overfull \hbox (35.69814pt too wide) in paragraph at lines 318--319
[][] 
 []

[10 <C:/Users/user/Desktop/FINALdissertation/images/RoamingCode.png> <C:/Users/
user/Desktop/FINALdissertation/images/ScreenShotTimer.png> <C:/Users/user/Deskt
op/FINALdissertation/images/OneDriveCode.png>]
<images/ScreenShotOnedrive.png, id=49, 1028.34187pt x 578.16pt>
File: images/ScreenShotOnedrive.png Graphic file (type png)

<use images/ScreenShotOnedrive.png>
Package pdftex.def Info: images/ScreenShotOnedrive.png used on input line 322.
(pdftex.def)             Requested size: 205.66473pt x 115.62994pt.

<images/ScreenShotCreate.png, id=50, 1028.34187pt x 578.16pt>
File: images/ScreenShotCreate.png Graphic file (type png)

<use images/ScreenShotCreate.png>
Package pdftex.def Info: images/ScreenShotCreate.png used on input line 326.
(pdftex.def)             Requested size: 205.66473pt x 115.62994pt.

<images/ScreenShotWaterCon.png, id=51, 1028.34187pt x 578.16pt>
File: images/ScreenShotWaterCon.png Graphic file (type png)

<use images/ScreenShotWaterCon.png>
Package pdftex.def Info: images/ScreenShotWaterCon.png used on input line 330.
(pdftex.def)             Requested size: 205.66473pt x 115.62994pt.


Package paralist Warning: Incorrect label; no or multiple counters.
(paralist)                The label is:  on input line 335.

[11 <C:/Users/user/Desktop/FINALdissertation/images/ScreenShotOnedrive.png> <C:
/Users/user/Desktop/FINALdissertation/images/ScreenShotCreate.png> <C:/Users/us
er/Desktop/FINALdissertation/images/ScreenShotWaterCon.png>]

Package paralist Warning: Incorrect label; no or multiple counters.
(paralist)                The label is:  on input line 345.

[12]

Package paralist Warning: Incorrect label; no or multiple counters.
(paralist)                The label is:  on input line 354.


Underfull \hbox (badness 10000) in paragraph at lines 361--371

 []

[13]
Missing character: There is no ‚ in font cmtt9!
Missing character: There is no Ç in font cmtt9!
Missing character: There is no ¨ in font cmtt9!

Underfull \vbox (badness 10000) has occurred while \output is active []

 [14]
Underfull \vbox (badness 10000) has occurred while \output is active []

 [15]
Underfull \vbox (badness 10000) has occurred while \output is active []

 [16]
Overfull \hbox (12.12704pt too wide) in paragraph at lines 528--529
[][][][][][][][][][][][][][] 
 []


Underfull \vbox (badness 10000) has occurred while \output is active []

 [17]
Underfull \vbox (badness 10000) has occurred while \output is active []

 [18]
Underfull \vbox (badness 10000) has occurred while \output is active []

 [19]
Underfull \vbox (badness 10000) has occurred while \output is active []

 [20]
Overfull \hbox (281.44891pt too wide) in paragraph at lines 742--743
[][][][][][][][][][][][][][][][][][][][][][][][][][][][][][][][][][][][][][][][
][][][][][][][][][][][][][][][][][][][][][][][][][][][][][][][][][][][][][][][]
[][][][][][][][][][][][][][]  
 []


Underfull \vbox (badness 10000) has occurred while \output is active []

 [21]
Underfull \vbox (badness 10000) has occurred while \output is active []

 [22]
Underfull \vbox (badness 10000) has occurred while \output is active []

 [23]
Underfull \vbox (badness 10000) has occurred while \output is active []

 [24]
(C:\Users\user\Desktop\FINALdissertation\Dissertation.bbl [25]
Underfull \hbox (badness 2318) in paragraph at lines 47--52
[]\OT1/cmr/m/n/10 A Mar-ti-nazzo, Nathalia Sautchuk Patrcio, Le-an-dro Co-let
to Bi-a-zon,
 []

) [26

] (C:\Users\user\Desktop\FINALdissertation\Dissertation.aux)

LaTeX Font Warning: Some font shapes were not available, defaults substituted.

 ) 
Here is how much of TeX's memory you used:
 3746 strings out of 493921
 52262 string characters out of 3144879
 173723 words of memory out of 3000000
 7019 multiletter control sequences out of 15000+200000
 7347 words of font info for 27 fonts, out of 3000000 for 9000
 841 hyphenation exceptions out of 8191
 29i,7n,40p,1465b,1602s stack positions out of 5000i,500n,10000p,200000b,50000s
<C:/Program Files (x86)/MiKTeX 2.9/fonts/type1/public/amsfonts/cm/cmbx10.pfb>
<C:/Program Files (x86)/MiKTeX 2.9/fonts/type1/public/amsfonts/cm/cmbx12.pfb><C
:/Program Files (x86)/MiKTeX 2.9/fonts/type1/public/amsfonts/cm/cmbx9.pfb><C:/P
rogram Files (x86)/MiKTeX 2.9/fonts/type1/public/amsfonts/cm/cmcsc10.pfb><C:/Pr
ogram Files (x86)/MiKTeX 2.9/fonts/type1/public/amsfonts/cm/cmr10.pfb><C:/Progr
am Files (x86)/MiKTeX 2.9/fonts/type1/public/amsfonts/cm/cmr12.pfb><C:/Program 
Files (x86)/MiKTeX 2.9/fonts/type1/public/amsfonts/cm/cmr9.pfb><C:/Program File
s (x86)/MiKTeX 2.9/fonts/type1/public/amsfonts/cm/cmti10.pfb><C:/Program Files 
(x86)/MiKTeX 2.9/fonts/type1/public/amsfonts/cm/cmtt10.pfb><C:/Program Files (x
86)/MiKTeX 2.9/fonts/type1/public/amsfonts/cm/cmtt9.pfb>
Output written on Dissertation.pdf (26 pages, 1008694 bytes).
PDF statistics:
 139 PDF objects out of 1000 (max. 8388607)
 0 named destinations out of 1000 (max. 500000)
 36 words of extra memory for PDF output out of 10000 (max. 10000000)

